C:\USERS\ADMIN\DOCUMENTS\VISUAL STUDIO 2012\PROJECTS\STATKI\STATKI\DEBUG\SOURCE.OBJ
C:\USERS\ADMIN\DOCUMENTS\VISUAL STUDIO 2012\PROJECTS\STATKI\STATKI\DEBUG\VC110.PDB
C:\USERS\ADMIN\DOCUMENTS\VISUAL STUDIO 2012\PROJECTS\STATKI\DEBUG\STATKI.ILK
C:\USERS\ADMIN\DOCUMENTS\VISUAL STUDIO 2012\PROJECTS\STATKI\DEBUG\STATKI.EXE
C:\USERS\ADMIN\DOCUMENTS\VISUAL STUDIO 2012\PROJECTS\STATKI\DEBUG\STATKI.PDB
C:\Users\Admin\documents\visual studio 2012\Projects\statki\statki\Debug\Source.obj
C:\Users\Admin\documents\visual studio 2012\Projects\statki\statki\Debug\cl.command.1.tlog
C:\Users\Admin\documents\visual studio 2012\Projects\statki\statki\Debug\CL.read.1.tlog
C:\Users\Admin\documents\visual studio 2012\Projects\statki\statki\Debug\CL.write.1.tlog
C:\Users\Admin\documents\visual studio 2012\Projects\statki\statki\Debug\link-cvtres.read.1.tlog
C:\Users\Admin\documents\visual studio 2012\Projects\statki\statki\Debug\link-cvtres.write.1.tlog
C:\Users\Admin\documents\visual studio 2012\Projects\statki\statki\Debug\link-rc.read.1.tlog
C:\Users\Admin\documents\visual studio 2012\Projects\statki\statki\Debug\link-rc.write.1.tlog
C:\Users\Admin\documents\visual studio 2012\Projects\statki\statki\Debug\link.10308-cvtres.read.1.tlog
C:\Users\Admin\documents\visual studio 2012\Projects\statki\statki\Debug\link.10308-cvtres.write.1.tlog
C:\Users\Admin\documents\visual studio 2012\Projects\statki\statki\Debug\link.10308-rc.read.1.tlog
C:\Users\Admin\documents\visual studio 2012\Projects\statki\statki\Debug\link.10308-rc.write.1.tlog
C:\Users\Admin\documents\visual studio 2012\Projects\statki\statki\Debug\link.10308.read.1.tlog
C:\Users\Admin\documents\visual studio 2012\Projects\statki\statki\Debug\link.10308.write.1.tlog
C:\Users\Admin\documents\visual studio 2012\Projects\statki\statki\Debug\link.10736-cvtres.read.1.tlog
C:\Users\Admin\documents\visual studio 2012\Projects\statki\statki\Debug\link.10736-cvtres.write.1.tlog
C:\Users\Admin\documents\visual studio 2012\Projects\statki\statki\Debug\link.10736-rc.read.1.tlog
C:\Users\Admin\documents\visual studio 2012\Projects\statki\statki\Debug\link.10736-rc.write.1.tlog
C:\Users\Admin\documents\visual studio 2012\Projects\statki\statki\Debug\link.10736.read.1.tlog
C:\Users\Admin\documents\visual studio 2012\Projects\statki\statki\Debug\link.10736.write.1.tlog
C:\Users\Admin\documents\visual studio 2012\Projects\statki\statki\Debug\link.10948-cvtres.read.1.tlog
C:\Users\Admin\documents\visual studio 2012\Projects\statki\statki\Debug\link.10948-cvtres.write.1.tlog
C:\Users\Admin\documents\visual studio 2012\Projects\statki\statki\Debug\link.10948-rc.read.1.tlog
C:\Users\Admin\documents\visual studio 2012\Projects\statki\statki\Debug\link.10948-rc.write.1.tlog
C:\Users\Admin\documents\visual studio 2012\Projects\statki\statki\Debug\link.10948.read.1.tlog
C:\Users\Admin\documents\visual studio 2012\Projects\statki\statki\Debug\link.10948.write.1.tlog
C:\Users\Admin\documents\visual studio 2012\Projects\statki\statki\Debug\link.11968-cvtres.read.1.tlog
C:\Users\Admin\documents\visual studio 2012\Projects\statki\statki\Debug\link.11968-cvtres.write.1.tlog
C:\Users\Admin\documents\visual studio 2012\Projects\statki\statki\Debug\link.11968-rc.read.1.tlog
C:\Users\Admin\documents\visual studio 2012\Projects\statki\statki\Debug\link.11968-rc.write.1.tlog
C:\Users\Admin\documents\visual studio 2012\Projects\statki\statki\Debug\link.11968.read.1.tlog
C:\Users\Admin\documents\visual studio 2012\Projects\statki\statki\Debug\link.11968.write.1.tlog
C:\Users\Admin\documents\visual studio 2012\Projects\statki\statki\Debug\link.12060-cvtres.read.1.tlog
C:\Users\Admin\documents\visual studio 2012\Projects\statki\statki\Debug\link.12060-cvtres.write.1.tlog
C:\Users\Admin\documents\visual studio 2012\Projects\statki\statki\Debug\link.12060-rc.read.1.tlog
C:\Users\Admin\documents\visual studio 2012\Projects\statki\statki\Debug\link.12060-rc.write.1.tlog
C:\Users\Admin\documents\visual studio 2012\Projects\statki\statki\Debug\link.12060.read.1.tlog
C:\Users\Admin\documents\visual studio 2012\Projects\statki\statki\Debug\link.12060.write.1.tlog
C:\Users\Admin\documents\visual studio 2012\Projects\statki\statki\Debug\link.5380-cvtres.read.1.tlog
C:\Users\Admin\documents\visual studio 2012\Projects\statki\statki\Debug\link.5380-cvtres.write.1.tlog
C:\Users\Admin\documents\visual studio 2012\Projects\statki\statki\Debug\link.5380-rc.read.1.tlog
C:\Users\Admin\documents\visual studio 2012\Projects\statki\statki\Debug\link.5380-rc.write.1.tlog
C:\Users\Admin\documents\visual studio 2012\Projects\statki\statki\Debug\link.5380.read.1.tlog
C:\Users\Admin\documents\visual studio 2012\Projects\statki\statki\Debug\link.5380.write.1.tlog
C:\Users\Admin\documents\visual studio 2012\Projects\statki\statki\Debug\link.7052-cvtres.read.1.tlog
C:\Users\Admin\documents\visual studio 2012\Projects\statki\statki\Debug\link.7052-cvtres.write.1.tlog
C:\Users\Admin\documents\visual studio 2012\Projects\statki\statki\Debug\link.7052-rc.read.1.tlog
C:\Users\Admin\documents\visual studio 2012\Projects\statki\statki\Debug\link.7052-rc.write.1.tlog
C:\Users\Admin\documents\visual studio 2012\Projects\statki\statki\Debug\link.7052.read.1.tlog
C:\Users\Admin\documents\visual studio 2012\Projects\statki\statki\Debug\link.7052.write.1.tlog
C:\Users\Admin\documents\visual studio 2012\Projects\statki\statki\Debug\link.9248-cvtres.read.1.tlog
C:\Users\Admin\documents\visual studio 2012\Projects\statki\statki\Debug\link.9248-cvtres.write.1.tlog
C:\Users\Admin\documents\visual studio 2012\Projects\statki\statki\Debug\link.9248-rc.read.1.tlog
C:\Users\Admin\documents\visual studio 2012\Projects\statki\statki\Debug\link.9248-rc.write.1.tlog
C:\Users\Admin\documents\visual studio 2012\Projects\statki\statki\Debug\link.9248.read.1.tlog
C:\Users\Admin\documents\visual studio 2012\Projects\statki\statki\Debug\link.9248.write.1.tlog
C:\Users\Admin\documents\visual studio 2012\Projects\statki\statki\Debug\link.command.1.tlog
C:\Users\Admin\documents\visual studio 2012\Projects\statki\statki\Debug\link.read.1.tlog
C:\Users\Admin\documents\visual studio 2012\Projects\statki\statki\Debug\link.write.1.tlog
C:\Users\Admin\documents\visual studio 2012\Projects\statki\statki\Debug\vc110.idb
C:\Users\Admin\documents\visual studio 2012\Projects\statki\statki\Debug\vc110.pdb
C:\Users\Admin\documents\visual studio 2012\Projects\statki\Debug\statki.pdb
C:\Users\Admin\documents\visual studio 2012\Projects\statki\Debug\statki.exe
C:\Users\Admin\documents\visual studio 2012\Projects\statki\Debug\statki.ilk
