C:\USERS\ADMIN\DOCUMENTS\VISUAL STUDIO 2012\PROJECTS\NAPIS\NAPIS\DEBUG\NAPIS.OBJ
C:\USERS\ADMIN\DOCUMENTS\VISUAL STUDIO 2012\PROJECTS\NAPIS\NAPIS\DEBUG\SOURCE.OBJ
C:\USERS\ADMIN\DOCUMENTS\VISUAL STUDIO 2012\PROJECTS\NAPIS\NAPIS\DEBUG\VC110.PDB
C:\USERS\ADMIN\DOCUMENTS\VISUAL STUDIO 2012\PROJECTS\NAPIS\DEBUG\NAPIS.ILK
C:\USERS\ADMIN\DOCUMENTS\VISUAL STUDIO 2012\PROJECTS\NAPIS\DEBUG\NAPIS.EXE
C:\USERS\ADMIN\DOCUMENTS\VISUAL STUDIO 2012\PROJECTS\NAPIS\DEBUG\NAPIS.PDB
C:\Users\Admin\Documents\Visual Studio 2012\Projects\napis\napis\Debug\napis.obj
C:\Users\Admin\Documents\Visual Studio 2012\Projects\napis\napis\Debug\cl.command.1.tlog
C:\Users\Admin\Documents\Visual Studio 2012\Projects\napis\napis\Debug\CL.read.1.tlog
C:\Users\Admin\Documents\Visual Studio 2012\Projects\napis\napis\Debug\CL.write.1.tlog
C:\Users\Admin\Documents\Visual Studio 2012\Projects\napis\napis\Debug\link-cvtres.read.1.tlog
C:\Users\Admin\Documents\Visual Studio 2012\Projects\napis\napis\Debug\link-cvtres.write.1.tlog
C:\Users\Admin\Documents\Visual Studio 2012\Projects\napis\napis\Debug\link-rc.read.1.tlog
C:\Users\Admin\Documents\Visual Studio 2012\Projects\napis\napis\Debug\link-rc.write.1.tlog
C:\Users\Admin\Documents\Visual Studio 2012\Projects\napis\napis\Debug\link.10576-cvtres.read.1.tlog
C:\Users\Admin\Documents\Visual Studio 2012\Projects\napis\napis\Debug\link.10576-cvtres.write.1.tlog
C:\Users\Admin\Documents\Visual Studio 2012\Projects\napis\napis\Debug\link.10576-rc.read.1.tlog
C:\Users\Admin\Documents\Visual Studio 2012\Projects\napis\napis\Debug\link.10576-rc.write.1.tlog
C:\Users\Admin\Documents\Visual Studio 2012\Projects\napis\napis\Debug\link.10576.read.1.tlog
C:\Users\Admin\Documents\Visual Studio 2012\Projects\napis\napis\Debug\link.10576.write.1.tlog
C:\Users\Admin\Documents\Visual Studio 2012\Projects\napis\napis\Debug\link.10820-cvtres.read.1.tlog
C:\Users\Admin\Documents\Visual Studio 2012\Projects\napis\napis\Debug\link.10820-cvtres.write.1.tlog
C:\Users\Admin\Documents\Visual Studio 2012\Projects\napis\napis\Debug\link.10820-rc.read.1.tlog
C:\Users\Admin\Documents\Visual Studio 2012\Projects\napis\napis\Debug\link.10820-rc.write.1.tlog
C:\Users\Admin\Documents\Visual Studio 2012\Projects\napis\napis\Debug\link.10820.read.1.tlog
C:\Users\Admin\Documents\Visual Studio 2012\Projects\napis\napis\Debug\link.10820.write.1.tlog
C:\Users\Admin\Documents\Visual Studio 2012\Projects\napis\napis\Debug\link.10912-cvtres.read.1.tlog
C:\Users\Admin\Documents\Visual Studio 2012\Projects\napis\napis\Debug\link.10912-cvtres.write.1.tlog
C:\Users\Admin\Documents\Visual Studio 2012\Projects\napis\napis\Debug\link.10912-rc.read.1.tlog
C:\Users\Admin\Documents\Visual Studio 2012\Projects\napis\napis\Debug\link.10912-rc.write.1.tlog
C:\Users\Admin\Documents\Visual Studio 2012\Projects\napis\napis\Debug\link.10912.read.1.tlog
C:\Users\Admin\Documents\Visual Studio 2012\Projects\napis\napis\Debug\link.10912.write.1.tlog
C:\Users\Admin\Documents\Visual Studio 2012\Projects\napis\napis\Debug\link.11220-cvtres.read.1.tlog
C:\Users\Admin\Documents\Visual Studio 2012\Projects\napis\napis\Debug\link.11220-cvtres.write.1.tlog
C:\Users\Admin\Documents\Visual Studio 2012\Projects\napis\napis\Debug\link.11220-rc.read.1.tlog
C:\Users\Admin\Documents\Visual Studio 2012\Projects\napis\napis\Debug\link.11220-rc.write.1.tlog
C:\Users\Admin\Documents\Visual Studio 2012\Projects\napis\napis\Debug\link.11220.read.1.tlog
C:\Users\Admin\Documents\Visual Studio 2012\Projects\napis\napis\Debug\link.11220.write.1.tlog
C:\Users\Admin\Documents\Visual Studio 2012\Projects\napis\napis\Debug\link.8984-cvtres.read.1.tlog
C:\Users\Admin\Documents\Visual Studio 2012\Projects\napis\napis\Debug\link.8984-cvtres.write.1.tlog
C:\Users\Admin\Documents\Visual Studio 2012\Projects\napis\napis\Debug\link.8984-rc.read.1.tlog
C:\Users\Admin\Documents\Visual Studio 2012\Projects\napis\napis\Debug\link.8984-rc.write.1.tlog
C:\Users\Admin\Documents\Visual Studio 2012\Projects\napis\napis\Debug\link.8984.read.1.tlog
C:\Users\Admin\Documents\Visual Studio 2012\Projects\napis\napis\Debug\link.8984.write.1.tlog
C:\Users\Admin\Documents\Visual Studio 2012\Projects\napis\napis\Debug\link.command.1.tlog
C:\Users\Admin\Documents\Visual Studio 2012\Projects\napis\napis\Debug\link.read.1.tlog
C:\Users\Admin\Documents\Visual Studio 2012\Projects\napis\napis\Debug\link.write.1.tlog
C:\Users\Admin\Documents\Visual Studio 2012\Projects\napis\napis\Debug\vc110.idb
C:\Users\Admin\Documents\Visual Studio 2012\Projects\napis\napis\Debug\vc110.pdb
C:\Users\Admin\Documents\Visual Studio 2012\Projects\napis\Debug\napis.pdb
C:\Users\Admin\Documents\Visual Studio 2012\Projects\napis\Debug\napis.exe
C:\Users\Admin\Documents\Visual Studio 2012\Projects\napis\Debug\napis.ilk
