C:\USERS\ADMIN\DOCUMENTS\VISUAL STUDIO 2012\PROJECTS\BOOKS\BOOKS\DEBUG\SOURCE.OBJ
C:\USERS\ADMIN\DOCUMENTS\VISUAL STUDIO 2012\PROJECTS\BOOKS\BOOKS\DEBUG\VC110.PDB
C:\USERS\ADMIN\DOCUMENTS\VISUAL STUDIO 2012\PROJECTS\BOOKS\DEBUG\BOOKS.ILK
C:\USERS\ADMIN\DOCUMENTS\VISUAL STUDIO 2012\PROJECTS\BOOKS\DEBUG\BOOKS.EXE
C:\USERS\ADMIN\DOCUMENTS\VISUAL STUDIO 2012\PROJECTS\BOOKS\DEBUG\BOOKS.PDB
C:\Users\Admin\documents\visual studio 2012\Projects\books\books\Debug\Source.obj
C:\Users\Admin\documents\visual studio 2012\Projects\books\books\Debug\cl.command.1.tlog
C:\Users\Admin\documents\visual studio 2012\Projects\books\books\Debug\CL.read.1.tlog
C:\Users\Admin\documents\visual studio 2012\Projects\books\books\Debug\CL.write.1.tlog
C:\Users\Admin\documents\visual studio 2012\Projects\books\books\Debug\link-cvtres.read.1.tlog
C:\Users\Admin\documents\visual studio 2012\Projects\books\books\Debug\link-cvtres.write.1.tlog
C:\Users\Admin\documents\visual studio 2012\Projects\books\books\Debug\link-rc.read.1.tlog
C:\Users\Admin\documents\visual studio 2012\Projects\books\books\Debug\link-rc.write.1.tlog
C:\Users\Admin\documents\visual studio 2012\Projects\books\books\Debug\link.1032-cvtres.read.1.tlog
C:\Users\Admin\documents\visual studio 2012\Projects\books\books\Debug\link.1032-cvtres.write.1.tlog
C:\Users\Admin\documents\visual studio 2012\Projects\books\books\Debug\link.1032-rc.read.1.tlog
C:\Users\Admin\documents\visual studio 2012\Projects\books\books\Debug\link.1032-rc.write.1.tlog
C:\Users\Admin\documents\visual studio 2012\Projects\books\books\Debug\link.1032.read.1.tlog
C:\Users\Admin\documents\visual studio 2012\Projects\books\books\Debug\link.1032.write.1.tlog
C:\Users\Admin\documents\visual studio 2012\Projects\books\books\Debug\link.1528-cvtres.read.1.tlog
C:\Users\Admin\documents\visual studio 2012\Projects\books\books\Debug\link.1528-cvtres.write.1.tlog
C:\Users\Admin\documents\visual studio 2012\Projects\books\books\Debug\link.1528-rc.read.1.tlog
C:\Users\Admin\documents\visual studio 2012\Projects\books\books\Debug\link.1528-rc.write.1.tlog
C:\Users\Admin\documents\visual studio 2012\Projects\books\books\Debug\link.1528.read.1.tlog
C:\Users\Admin\documents\visual studio 2012\Projects\books\books\Debug\link.1528.write.1.tlog
C:\Users\Admin\documents\visual studio 2012\Projects\books\books\Debug\link.2964-cvtres.read.1.tlog
C:\Users\Admin\documents\visual studio 2012\Projects\books\books\Debug\link.2964-cvtres.write.1.tlog
C:\Users\Admin\documents\visual studio 2012\Projects\books\books\Debug\link.2964-rc.read.1.tlog
C:\Users\Admin\documents\visual studio 2012\Projects\books\books\Debug\link.2964-rc.write.1.tlog
C:\Users\Admin\documents\visual studio 2012\Projects\books\books\Debug\link.2964.read.1.tlog
C:\Users\Admin\documents\visual studio 2012\Projects\books\books\Debug\link.2964.write.1.tlog
C:\Users\Admin\documents\visual studio 2012\Projects\books\books\Debug\link.3572-cvtres.read.1.tlog
C:\Users\Admin\documents\visual studio 2012\Projects\books\books\Debug\link.3572-cvtres.write.1.tlog
C:\Users\Admin\documents\visual studio 2012\Projects\books\books\Debug\link.3572-rc.read.1.tlog
C:\Users\Admin\documents\visual studio 2012\Projects\books\books\Debug\link.3572-rc.write.1.tlog
C:\Users\Admin\documents\visual studio 2012\Projects\books\books\Debug\link.3572.read.1.tlog
C:\Users\Admin\documents\visual studio 2012\Projects\books\books\Debug\link.3572.write.1.tlog
C:\Users\Admin\documents\visual studio 2012\Projects\books\books\Debug\link.6616-cvtres.read.1.tlog
C:\Users\Admin\documents\visual studio 2012\Projects\books\books\Debug\link.6616-cvtres.write.1.tlog
C:\Users\Admin\documents\visual studio 2012\Projects\books\books\Debug\link.6616-rc.read.1.tlog
C:\Users\Admin\documents\visual studio 2012\Projects\books\books\Debug\link.6616-rc.write.1.tlog
C:\Users\Admin\documents\visual studio 2012\Projects\books\books\Debug\link.6616.read.1.tlog
C:\Users\Admin\documents\visual studio 2012\Projects\books\books\Debug\link.6616.write.1.tlog
C:\Users\Admin\documents\visual studio 2012\Projects\books\books\Debug\link.8016-cvtres.read.1.tlog
C:\Users\Admin\documents\visual studio 2012\Projects\books\books\Debug\link.8016-cvtres.write.1.tlog
C:\Users\Admin\documents\visual studio 2012\Projects\books\books\Debug\link.8016-rc.read.1.tlog
C:\Users\Admin\documents\visual studio 2012\Projects\books\books\Debug\link.8016-rc.write.1.tlog
C:\Users\Admin\documents\visual studio 2012\Projects\books\books\Debug\link.8016.read.1.tlog
C:\Users\Admin\documents\visual studio 2012\Projects\books\books\Debug\link.8016.write.1.tlog
C:\Users\Admin\documents\visual studio 2012\Projects\books\books\Debug\link.8208-cvtres.read.1.tlog
C:\Users\Admin\documents\visual studio 2012\Projects\books\books\Debug\link.8208-cvtres.write.1.tlog
C:\Users\Admin\documents\visual studio 2012\Projects\books\books\Debug\link.8208-rc.read.1.tlog
C:\Users\Admin\documents\visual studio 2012\Projects\books\books\Debug\link.8208-rc.write.1.tlog
C:\Users\Admin\documents\visual studio 2012\Projects\books\books\Debug\link.8208.read.1.tlog
C:\Users\Admin\documents\visual studio 2012\Projects\books\books\Debug\link.8208.write.1.tlog
C:\Users\Admin\documents\visual studio 2012\Projects\books\books\Debug\link.command.1.tlog
C:\Users\Admin\documents\visual studio 2012\Projects\books\books\Debug\link.read.1.tlog
C:\Users\Admin\documents\visual studio 2012\Projects\books\books\Debug\link.write.1.tlog
C:\Users\Admin\documents\visual studio 2012\Projects\books\books\Debug\vc110.idb
C:\Users\Admin\documents\visual studio 2012\Projects\books\books\Debug\vc110.pdb
C:\Users\Admin\documents\visual studio 2012\Projects\books\Debug\books.pdb
C:\Users\Admin\documents\visual studio 2012\Projects\books\Debug\books.exe
C:\Users\Admin\documents\visual studio 2012\Projects\books\Debug\books.ilk
